2024-10-24 03:59:49 PM [31merror[39m: Cast to ObjectId failed for value "technology" (type string) at path "_id" for model "Category" 
CastError: Cast to ObjectId failed for value "technology" (type string) at path "_id" for model "Category"
    at SchemaObjectId.cast (C:\Users\LENOVO THINKPAD\Documents\Talib Uddin\exp-backend\node_modules\mongoose\lib\schema\objectId.js:250:11)
    at SchemaType.applySetters (C:\Users\LENOVO THINKPAD\Documents\Talib Uddin\exp-backend\node_modules\mongoose\lib\schemaType.js:1236:12)
    at SchemaType.castForQuery (C:\Users\LENOVO THINKPAD\Documents\Talib Uddin\exp-backend\node_modules\mongoose\lib\schemaType.js:1653:17)
    at cast (C:\Users\LENOVO THINKPAD\Documents\Talib Uddin\exp-backend\node_modules\mongoose\lib\cast.js:389:32)
    at Query.cast (C:\Users\LENOVO THINKPAD\Documents\Talib Uddin\exp-backend\node_modules\mongoose\lib\query.js:4868:12)
    at Query._castConditions (C:\Users\LENOVO THINKPAD\Documents\Talib Uddin\exp-backend\node_modules\mongoose\lib\query.js:2265:10)
    at model.Query._findOne (C:\Users\LENOVO THINKPAD\Documents\Talib Uddin\exp-backend\node_modules\mongoose\lib\query.js:2589:8)
    at model.Query.exec (C:\Users\LENOVO THINKPAD\Documents\Talib Uddin\exp-backend\node_modules\mongoose\lib\query.js:4412:80)
    at process.processTicksAndRejections (node:internal/process/task_queues:95:5)
    at async CreateCategory (C:\Users\LENOVO THINKPAD\Documents\Talib Uddin\exp-backend\src\controllers\vendorController\categoryController\createCategoryController.ts:32:25)
2024-10-24 04:01:30 PM [31merror[39m: Category validation failed: products.0: Cast to [ObjectId] failed for value "[ 'product1', 'product2', 'product3' ]" (type string) at path "products.0" because of "CastError", vendorId: Cast to ObjectId failed for value "vendor12345" (type string) at path "vendorId" because of "BSONError" 
ValidationError: Category validation failed: products.0: Cast to [ObjectId] failed for value "[ 'product1', 'product2', 'product3' ]" (type string) at path "products.0" because of "CastError", vendorId: Cast to ObjectId failed for value "vendor12345" (type string) at path "vendorId" because of "BSONError"
    at Document.invalidate (C:\Users\LENOVO THINKPAD\Documents\Talib Uddin\exp-backend\node_modules\mongoose\lib\document.js:3318:32)
    at model.$set (C:\Users\LENOVO THINKPAD\Documents\Talib Uddin\exp-backend\node_modules\mongoose\lib\document.js:1474:12)
    at model.$set (C:\Users\LENOVO THINKPAD\Documents\Talib Uddin\exp-backend\node_modules\mongoose\lib\document.js:1128:16)
    at model.Document (C:\Users\LENOVO THINKPAD\Documents\Talib Uddin\exp-backend\node_modules\mongoose\lib\document.js:177:12)
    at model.Model (C:\Users\LENOVO THINKPAD\Documents\Talib Uddin\exp-backend\node_modules\mongoose\lib\model.js:125:12)
    at new model (C:\Users\LENOVO THINKPAD\Documents\Talib Uddin\exp-backend\node_modules\mongoose\lib\model.js:4611:15)
    at CreateCategory (C:\Users\LENOVO THINKPAD\Documents\Talib Uddin\exp-backend\src\controllers\vendorController\categoryController\createCategoryController.ts:41:25)
    at Layer.handle [as handle_request] (C:\Users\LENOVO THINKPAD\Documents\Talib Uddin\exp-backend\node_modules\express\lib\router\layer.js:95:5)
    at next (C:\Users\LENOVO THINKPAD\Documents\Talib Uddin\exp-backend\node_modules\express\lib\router\route.js:149:13)
    at Route.dispatch (C:\Users\LENOVO THINKPAD\Documents\Talib Uddin\exp-backend\node_modules\express\lib\router\route.js:119:3)
2024-10-24 04:01:45 PM [31merror[39m: Category validation failed: products.0: Cast to [ObjectId] failed for value "[ 'product1', 'product2', 'product3' ]" (type string) at path "products.0" because of "CastError", vendorId: Cast to ObjectId failed for value "vendor12345" (type string) at path "vendorId" because of "BSONError" 
ValidationError: Category validation failed: products.0: Cast to [ObjectId] failed for value "[ 'product1', 'product2', 'product3' ]" (type string) at path "products.0" because of "CastError", vendorId: Cast to ObjectId failed for value "vendor12345" (type string) at path "vendorId" because of "BSONError"
    at Document.invalidate (C:\Users\LENOVO THINKPAD\Documents\Talib Uddin\exp-backend\node_modules\mongoose\lib\document.js:3318:32)
    at model.$set (C:\Users\LENOVO THINKPAD\Documents\Talib Uddin\exp-backend\node_modules\mongoose\lib\document.js:1474:12)
    at model.$set (C:\Users\LENOVO THINKPAD\Documents\Talib Uddin\exp-backend\node_modules\mongoose\lib\document.js:1128:16)
    at model.Document (C:\Users\LENOVO THINKPAD\Documents\Talib Uddin\exp-backend\node_modules\mongoose\lib\document.js:177:12)
    at model.Model (C:\Users\LENOVO THINKPAD\Documents\Talib Uddin\exp-backend\node_modules\mongoose\lib\model.js:125:12)
    at new model (C:\Users\LENOVO THINKPAD\Documents\Talib Uddin\exp-backend\node_modules\mongoose\lib\model.js:4611:15)
    at CreateCategory (C:\Users\LENOVO THINKPAD\Documents\Talib Uddin\exp-backend\src\controllers\vendorController\categoryController\createCategoryController.ts:41:25)
    at Layer.handle [as handle_request] (C:\Users\LENOVO THINKPAD\Documents\Talib Uddin\exp-backend\node_modules\express\lib\router\layer.js:95:5)
    at next (C:\Users\LENOVO THINKPAD\Documents\Talib Uddin\exp-backend\node_modules\express\lib\router\route.js:149:13)
    at Route.dispatch (C:\Users\LENOVO THINKPAD\Documents\Talib Uddin\exp-backend\node_modules\express\lib\router\route.js:119:3)
2024-10-24 04:01:57 PM [31merror[39m: Category validation failed: products.0: Cast to [ObjectId] failed for value "[ 'product1', 'product2', 'product3' ]" (type string) at path "products.0" because of "CastError", vendorId: Cast to ObjectId failed for value "vendor12345" (type string) at path "vendorId" because of "BSONError" 
ValidationError: Category validation failed: products.0: Cast to [ObjectId] failed for value "[ 'product1', 'product2', 'product3' ]" (type string) at path "products.0" because of "CastError", vendorId: Cast to ObjectId failed for value "vendor12345" (type string) at path "vendorId" because of "BSONError"
    at Document.invalidate (C:\Users\LENOVO THINKPAD\Documents\Talib Uddin\exp-backend\node_modules\mongoose\lib\document.js:3318:32)
    at model.$set (C:\Users\LENOVO THINKPAD\Documents\Talib Uddin\exp-backend\node_modules\mongoose\lib\document.js:1474:12)
    at model.$set (C:\Users\LENOVO THINKPAD\Documents\Talib Uddin\exp-backend\node_modules\mongoose\lib\document.js:1128:16)
    at model.Document (C:\Users\LENOVO THINKPAD\Documents\Talib Uddin\exp-backend\node_modules\mongoose\lib\document.js:177:12)
    at model.Model (C:\Users\LENOVO THINKPAD\Documents\Talib Uddin\exp-backend\node_modules\mongoose\lib\model.js:125:12)
    at new model (C:\Users\LENOVO THINKPAD\Documents\Talib Uddin\exp-backend\node_modules\mongoose\lib\model.js:4611:15)
    at CreateCategory (C:\Users\LENOVO THINKPAD\Documents\Talib Uddin\exp-backend\src\controllers\vendorController\categoryController\createCategoryController.ts:41:25)
    at Layer.handle [as handle_request] (C:\Users\LENOVO THINKPAD\Documents\Talib Uddin\exp-backend\node_modules\express\lib\router\layer.js:95:5)
    at next (C:\Users\LENOVO THINKPAD\Documents\Talib Uddin\exp-backend\node_modules\express\lib\router\route.js:149:13)
    at Route.dispatch (C:\Users\LENOVO THINKPAD\Documents\Talib Uddin\exp-backend\node_modules\express\lib\router\route.js:119:3)
2024-10-24 04:02:24 PM [31merror[39m: Category validation failed: vendorId: Cast to ObjectId failed for value "vendor12345" (type string) at path "vendorId" because of "BSONError" 
ValidationError: Category validation failed: vendorId: Cast to ObjectId failed for value "vendor12345" (type string) at path "vendorId" because of "BSONError"
    at Document.invalidate (C:\Users\LENOVO THINKPAD\Documents\Talib Uddin\exp-backend\node_modules\mongoose\lib\document.js:3318:32)
    at model.$set (C:\Users\LENOVO THINKPAD\Documents\Talib Uddin\exp-backend\node_modules\mongoose\lib\document.js:1474:12)
    at model.$set (C:\Users\LENOVO THINKPAD\Documents\Talib Uddin\exp-backend\node_modules\mongoose\lib\document.js:1128:16)
    at model.Document (C:\Users\LENOVO THINKPAD\Documents\Talib Uddin\exp-backend\node_modules\mongoose\lib\document.js:177:12)
    at model.Model (C:\Users\LENOVO THINKPAD\Documents\Talib Uddin\exp-backend\node_modules\mongoose\lib\model.js:125:12)
    at new model (C:\Users\LENOVO THINKPAD\Documents\Talib Uddin\exp-backend\node_modules\mongoose\lib\model.js:4611:15)
    at CreateCategory (C:\Users\LENOVO THINKPAD\Documents\Talib Uddin\exp-backend\src\controllers\vendorController\categoryController\createCategoryController.ts:41:25)
    at Layer.handle [as handle_request] (C:\Users\LENOVO THINKPAD\Documents\Talib Uddin\exp-backend\node_modules\express\lib\router\layer.js:95:5)
    at next (C:\Users\LENOVO THINKPAD\Documents\Talib Uddin\exp-backend\node_modules\express\lib\router\route.js:149:13)
    at Route.dispatch (C:\Users\LENOVO THINKPAD\Documents\Talib Uddin\exp-backend\node_modules\express\lib\router\route.js:119:3)
2024-10-24 04:02:29 PM [31merror[39m: Category validation failed: vendorId: Cast to ObjectId failed for value "vendor12345" (type string) at path "vendorId" because of "BSONError" 
ValidationError: Category validation failed: vendorId: Cast to ObjectId failed for value "vendor12345" (type string) at path "vendorId" because of "BSONError"
    at Document.invalidate (C:\Users\LENOVO THINKPAD\Documents\Talib Uddin\exp-backend\node_modules\mongoose\lib\document.js:3318:32)
    at model.$set (C:\Users\LENOVO THINKPAD\Documents\Talib Uddin\exp-backend\node_modules\mongoose\lib\document.js:1474:12)
    at model.$set (C:\Users\LENOVO THINKPAD\Documents\Talib Uddin\exp-backend\node_modules\mongoose\lib\document.js:1128:16)
    at model.Document (C:\Users\LENOVO THINKPAD\Documents\Talib Uddin\exp-backend\node_modules\mongoose\lib\document.js:177:12)
    at model.Model (C:\Users\LENOVO THINKPAD\Documents\Talib Uddin\exp-backend\node_modules\mongoose\lib\model.js:125:12)
    at new model (C:\Users\LENOVO THINKPAD\Documents\Talib Uddin\exp-backend\node_modules\mongoose\lib\model.js:4611:15)
    at CreateCategory (C:\Users\LENOVO THINKPAD\Documents\Talib Uddin\exp-backend\src\controllers\vendorController\categoryController\createCategoryController.ts:41:25)
    at Layer.handle [as handle_request] (C:\Users\LENOVO THINKPAD\Documents\Talib Uddin\exp-backend\node_modules\express\lib\router\layer.js:95:5)
    at next (C:\Users\LENOVO THINKPAD\Documents\Talib Uddin\exp-backend\node_modules\express\lib\router\route.js:149:13)
    at Route.dispatch (C:\Users\LENOVO THINKPAD\Documents\Talib Uddin\exp-backend\node_modules\express\lib\router\route.js:119:3)
