2024-10-22 05:01:20 PM [31merror[39m: Database connection error 
MongooseServerSelectionError: connect ECONNREFUSED ::1:27017, connect ECONNREFUSED 127.0.0.1:27017
    at _handleConnectionErrors (C:\Users\LENOVO THINKPAD\Documents\Talib Uddin\exp-backend\node_modules\mongoose\lib\connection.js:909:11)
    at NativeConnection.openUri (C:\Users\LENOVO THINKPAD\Documents\Talib Uddin\exp-backend\node_modules\mongoose\lib\connection.js:860:11)
    at async connectToDatabase (C:\Users\LENOVO THINKPAD\Documents\Talib Uddin\exp-backend\src\config\db.ts:10:5)
2024-10-22 05:02:25 PM [31merror[39m: Database connection error 
Error: querySrv ENODATA _mongodb._tcp.ismailahmed.79zlrzt.mongodb.net
    at QueryReqWrap.onresolve [as oncomplete] (node:internal/dns/promises:291:17)
2024-10-22 05:03:14 PM [31merror[39m: Database connection error 
Error: querySrv ENODATA _mongodb._tcp.ismailahmed.79zlrzt.mongodb.net
    at QueryReqWrap.onresolve [as oncomplete] (node:internal/dns/promises:291:17)
2024-10-22 05:03:58 PM [31merror[39m: Database connection error 
Error: querySrv ENODATA _mongodb._tcp.ismailahmed.79zlrzt.mongodb.net
    at QueryReqWrap.onresolve [as oncomplete] (node:internal/dns/promises:291:17)
2024-10-22 05:04:21 PM [31merror[39m: Database connection error 
Error: querySrv ENODATA _mongodb._tcp.ismailahmed.79zlrzt.mongodb.net
    at QueryReqWrap.onresolve [as oncomplete] (node:internal/dns/promises:291:17)
2024-10-22 05:15:12 PM [31merror[39m: Database connection error 
Error: querySrv ENODATA _mongodb._tcp.ismailahmed.79zlrzt.mongodb.net
    at QueryReqWrap.onresolve [as oncomplete] (node:internal/dns/promises:291:17)
2024-10-22 05:28:52 PM [31merror[39m: Database connection error 
MongooseServerSelectionError: connect ECONNREFUSED ::1:27017, connect ECONNREFUSED 127.0.0.1:27017
    at _handleConnectionErrors (C:\Users\LENOVO THINKPAD\Documents\Talib Uddin\exp-backend\node_modules\mongoose\lib\connection.js:909:11)
    at NativeConnection.openUri (C:\Users\LENOVO THINKPAD\Documents\Talib Uddin\exp-backend\node_modules\mongoose\lib\connection.js:860:11)
    at async connectToDatabase (C:\Users\LENOVO THINKPAD\Documents\Talib Uddin\exp-backend\src\config\db.ts:10:5)
2024-10-22 05:30:36 PM [31merror[39m: Database connection error 
MongooseServerSelectionError: connect ECONNREFUSED ::1:27017, connect ECONNREFUSED 127.0.0.1:27017
    at _handleConnectionErrors (C:\Users\LENOVO THINKPAD\Documents\Talib Uddin\exp-backend\node_modules\mongoose\lib\connection.js:909:11)
    at NativeConnection.openUri (C:\Users\LENOVO THINKPAD\Documents\Talib Uddin\exp-backend\node_modules\mongoose\lib\connection.js:860:11)
    at async connectToDatabase (C:\Users\LENOVO THINKPAD\Documents\Talib Uddin\exp-backend\src\config\db.ts:10:5)
